\BOOKMARK [0][-]{chapter.1}{\376\377\0001\000\040\000U\000v\000o\000d}{}% 1
\BOOKMARK [0][-]{chapter.2}{\376\377\0002\000\040\000M\000e\000t\000o\000d\000e\000\040\000i\000\040\000t\000e\000h\000n\000i\000k\000e\000\040\000r\000a\000d\000a}{}% 2
\BOOKMARK [0][-]{chapter.3}{\376\377\0003\000\040\000R\000a\000z\000r\000a\000d\000a\000\040\000t\000e\000m\000e}{}% 3
\BOOKMARK [1][-]{section.3.1}{\376\377\0003\000.\0001\000\040\000D\000i\000g\000i\000t\000a\000l\000n\000a\000\040\000s\000l\000i\000k\000a\000\040}{chapter.3}% 4
\BOOKMARK [2][-]{subsection.3.1.1}{\376\377\0003\000.\0001\000.\0001\000\040\000S\000l\000i\000k\000e\000\040\000u\000\040\000b\000o\000j\000i}{section.3.1}% 5
\BOOKMARK [2][-]{subsection.3.1.2}{\376\377\0003\000.\0001\000.\0002\000\040\000S\000i\000v\000e\000\040\000s\000l\000i\000k\000e}{section.3.1}% 6
\BOOKMARK [2][-]{subsection.3.1.3}{\376\377\0003\000.\0001\000.\0003\000\040\000B\000i\000n\000a\000r\000n\000e\000\040\000s\000l\000i\000k\000e}{section.3.1}% 7
\BOOKMARK [2][-]{subsection.3.1.4}{\376\377\0003\000.\0001\000.\0004\000\040\000V\000a\001\176\000n\000o\000s\000t\000\040\000r\000a\000z\000l\000i\001\015\000i\000t\000i\000h\000\040\000t\000i\000p\000o\000v\000a\000\040\000d\000i\000g\000i\000t\000a\000l\000n\000i\000h\000\040\000s\000l\000i\000k\000a}{section.3.1}% 8
\BOOKMARK [1][-]{section.3.2}{\376\377\0003\000.\0002\000\040\000D\000i\000g\000i\000t\000a\000l\000n\000a\000\040\000o\000b\000r\000a\000d\000a\000\040\000s\000l\000i\000k\000e}{chapter.3}% 9
\BOOKMARK [2][-]{subsection.3.2.1}{\376\377\0003\000.\0002\000.\0001\000\040\000P\000r\000i\000p\000r\000e\000m\000a\000\040\000s\000l\000i\000k\000e}{section.3.2}% 10
\BOOKMARK [2][-]{subsection.3.2.2}{\376\377\0003\000.\0002\000.\0002\000\040\000P\000r\000e\000t\000v\000a\000r\000a\000n\000j\000e\000\040\000u\000\040\000s\000i\000v\000u\000\040\000s\000l\000i\000k\000u}{section.3.2}% 11
\BOOKMARK [2][-]{subsection.3.2.3}{\376\377\0003\000.\0002\000.\0003\000\040\000S\000m\000a\000n\000j\000e\000n\000j\000e\000\040\000b\000u\000k\000e}{section.3.2}% 12
\BOOKMARK [2][-]{subsection.3.2.4}{\376\377\0003\000.\0002\000.\0004\000\040\000P\000r\000e\000t\000v\000a\000r\000a\000n\000j\000e\000\040\000u\000\040\000b\000i\000n\000a\000r\000n\000u\000\040\000s\000l\000i\000k\000u}{section.3.2}% 13
\BOOKMARK [2][-]{subsection.3.2.5}{\376\377\0003\000.\0002\000.\0005\000\040\000D\000e\000t\000e\000k\000t\000i\000r\000a\000n\000j\000e\000\040\000k\000o\000n\000t\000u\000r\000a}{section.3.2}% 14
\BOOKMARK [2][-]{subsection.3.2.6}{\376\377\0003\000.\0002\000.\0006\000\040\000D\000e\000t\000e\000k\000t\000i\000r\000a\000n\000j\000e\000\040\000l\000i\000n\000i\000j\000a}{section.3.2}% 15
\BOOKMARK [2][-]{subsection.3.2.7}{\376\377\0003\000.\0002\000.\0007\000\040\000I\000z\000v\000l\000a\001\015\000e\000n\000j\000e\000\040\000i\000n\000f\000o\000r\000m\000a\000c\000i\000j\000a\000\040\000i\000z\000\040\000s\000l\000i\000k\000e}{section.3.2}% 16
\BOOKMARK [0][-]{chapter.4}{\376\377\0004\000\040\000Z\000a\000k\000l\000j\000u\001\015\000a\000k}{}% 17
\BOOKMARK [0][-]{chapter*.6}{\376\377\000P\000o\000p\000i\000s\000\040\000l\000i\000t\000e\000r\000a\000t\000u\000r\000e}{}% 18
\BOOKMARK [0][-]{chapter*.7}{\376\377\000P\000o\000p\000i\000s\000\040\000s\000l\000i\000k\000a}{}% 19
\BOOKMARK [0][-]{chapter*.8}{\376\377\000P\000o\000p\000i\000s\000\040\000p\000o\000p\000i\000s\000\040\000t\000a\000b\000l\000i\000c\000a}{}% 20
